<?xml version="1.0" encoding="UTF-8"?>
<!DOCTYPE coverage SYSTEM "http://cobertura.sourceforge.net/xml/coverage-04.dtd">
<coverage line-rate="1" branch-rate="0" lines-covered="84" lines-valid="84" branches-covered="0" branches-valid="0" complexity="16" version="0.4" timestamp="1720461402">
  <sources>
    <source>/app/src</source>
  </sources>
  <packages>
    <package name="Models/Setting.php" line-rate="1" branch-rate="0" complexity="1">
      <classes>
        <class name="Playground\Admin\Models\Setting" filename="Models/Setting.php" line-rate="1" branch-rate="0" complexity="1">
          <methods>
            <method name="casts" signature="" line-rate="1" branch-rate="0" complexity="1">
              <lines>
                <line number="149" hits="6"/>
                <line number="150" hits="6"/>
                <line number="151" hits="6"/>
                <line number="152" hits="6"/>
                <line number="153" hits="6"/>
                <line number="154" hits="6"/>
                <line number="155" hits="6"/>
                <line number="156" hits="6"/>
                <line number="157" hits="6"/>
                <line number="158" hits="6"/>
                <line number="159" hits="6"/>
                <line number="160" hits="6"/>
                <line number="161" hits="6"/>
                <line number="162" hits="6"/>
                <line number="163" hits="6"/>
                <line number="164" hits="6"/>
                <line number="165" hits="6"/>
                <line number="166" hits="6"/>
                <line number="167" hits="6"/>
                <line number="168" hits="6"/>
                <line number="169" hits="6"/>
                <line number="170" hits="6"/>
                <line number="171" hits="6"/>
                <line number="172" hits="6"/>
                <line number="173" hits="6"/>
                <line number="174" hits="6"/>
                <line number="175" hits="6"/>
                <line number="176" hits="6"/>
                <line number="177" hits="6"/>
                <line number="178" hits="6"/>
                <line number="179" hits="6"/>
                <line number="180" hits="6"/>
                <line number="181" hits="6"/>
                <line number="182" hits="6"/>
                <line number="183" hits="6"/>
                <line number="184" hits="6"/>
                <line number="185" hits="6"/>
                <line number="186" hits="6"/>
                <line number="187" hits="6"/>
                <line number="188" hits="6"/>
                <line number="189" hits="6"/>
                <line number="190" hits="6"/>
                <line number="191" hits="6"/>
                <line number="192" hits="6"/>
                <line number="193" hits="6"/>
                <line number="194" hits="6"/>
                <line number="195" hits="6"/>
                <line number="196" hits="6"/>
                <line number="197" hits="6"/>
                <line number="198" hits="6"/>
                <line number="199" hits="6"/>
                <line number="200" hits="6"/>
                <line number="201" hits="6"/>
              </lines>
            </method>
          </methods>
          <lines>
            <line number="149" hits="6"/>
            <line number="150" hits="6"/>
            <line number="151" hits="6"/>
            <line number="152" hits="6"/>
            <line number="153" hits="6"/>
            <line number="154" hits="6"/>
            <line number="155" hits="6"/>
            <line number="156" hits="6"/>
            <line number="157" hits="6"/>
            <line number="158" hits="6"/>
            <line number="159" hits="6"/>
            <line number="160" hits="6"/>
            <line number="161" hits="6"/>
            <line number="162" hits="6"/>
            <line number="163" hits="6"/>
            <line number="164" hits="6"/>
            <line number="165" hits="6"/>
            <line number="166" hits="6"/>
            <line number="167" hits="6"/>
            <line number="168" hits="6"/>
            <line number="169" hits="6"/>
            <line number="170" hits="6"/>
            <line number="171" hits="6"/>
            <line number="172" hits="6"/>
            <line number="173" hits="6"/>
            <line number="174" hits="6"/>
            <line number="175" hits="6"/>
            <line number="176" hits="6"/>
            <line number="177" hits="6"/>
            <line number="178" hits="6"/>
            <line number="179" hits="6"/>
            <line number="180" hits="6"/>
            <line number="181" hits="6"/>
            <line number="182" hits="6"/>
            <line number="183" hits="6"/>
            <line number="184" hits="6"/>
            <line number="185" hits="6"/>
            <line number="186" hits="6"/>
            <line number="187" hits="6"/>
            <line number="188" hits="6"/>
            <line number="189" hits="6"/>
            <line number="190" hits="6"/>
            <line number="191" hits="6"/>
            <line number="192" hits="6"/>
            <line number="193" hits="6"/>
            <line number="194" hits="6"/>
            <line number="195" hits="6"/>
            <line number="196" hits="6"/>
            <line number="197" hits="6"/>
            <line number="198" hits="6"/>
            <line number="199" hits="6"/>
            <line number="200" hits="6"/>
            <line number="201" hits="6"/>
          </lines>
        </class>
      </classes>
    </package>
    <package name="ServiceProvider.php" line-rate="1" branch-rate="0" complexity="15">
      <classes>
        <class name="Playground\Admin\ServiceProvider" filename="ServiceProvider.php" line-rate="1" branch-rate="0" complexity="15">
          <methods>
            <method name="boot" signature="" line-rate="1" branch-rate="0" complexity="6">
              <lines>
                <line number="32" hits="7"/>
                <line number="34" hits="7"/>
                <line number="36" hits="7"/>
                <line number="38" hits="7"/>
                <line number="39" hits="7"/>
                <line number="40" hits="7"/>
                <line number="43" hits="7"/>
                <line number="46" hits="7"/>
                <line number="47" hits="1"/>
                <line number="52" hits="7"/>
                <line number="53" hits="7"/>
              </lines>
            </method>
            <method name="register" signature="" line-rate="1" branch-rate="0" complexity="1">
              <lines>
                <line number="62" hits="7"/>
                <line number="63" hits="7"/>
                <line number="64" hits="7"/>
                <line number="65" hits="7"/>
              </lines>
            </method>
            <method name="publishMigrations" signature="" line-rate="1" branch-rate="0" complexity="2">
              <lines>
                <line number="73" hits="7"/>
                <line number="75" hits="7"/>
                <line number="76" hits="7"/>
                <line number="77" hits="7"/>
                <line number="78" hits="7"/>
                <line number="81" hits="7"/>
              </lines>
            </method>
            <method name="about" signature="" line-rate="1" branch-rate="0" complexity="5">
              <lines>
                <line number="86" hits="7"/>
                <line number="87" hits="7"/>
                <line number="89" hits="7"/>
                <line number="91" hits="7"/>
                <line number="93" hits="7"/>
                <line number="94" hits="7"/>
                <line number="95" hits="7"/>
                <line number="96" hits="7"/>
                <line number="97" hits="7"/>
              </lines>
            </method>
            <method name="version" signature="" line-rate="1" branch-rate="0" complexity="1">
              <lines>
                <line number="102" hits="7"/>
              </lines>
            </method>
          </methods>
          <lines>
            <line number="32" hits="7"/>
            <line number="34" hits="7"/>
            <line number="36" hits="7"/>
            <line number="38" hits="7"/>
            <line number="39" hits="7"/>
            <line number="40" hits="7"/>
            <line number="43" hits="7"/>
            <line number="46" hits="7"/>
            <line number="47" hits="1"/>
            <line number="52" hits="7"/>
            <line number="53" hits="7"/>
            <line number="62" hits="7"/>
            <line number="63" hits="7"/>
            <line number="64" hits="7"/>
            <line number="65" hits="7"/>
            <line number="73" hits="7"/>
            <line number="75" hits="7"/>
            <line number="76" hits="7"/>
            <line number="77" hits="7"/>
            <line number="78" hits="7"/>
            <line number="81" hits="7"/>
            <line number="86" hits="7"/>
            <line number="87" hits="7"/>
            <line number="89" hits="7"/>
            <line number="91" hits="7"/>
            <line number="93" hits="7"/>
            <line number="94" hits="7"/>
            <line number="95" hits="7"/>
            <line number="96" hits="7"/>
            <line number="97" hits="7"/>
            <line number="102" hits="7"/>
          </lines>
        </class>
      </classes>
    </package>
  </packages>
</coverage>
